TN:
SF:src/modules/appointments/services/CreateAppointmentService.ts
FN:15,(anonymous_18)
FN:17,CreateAppointmentService
FN:22,(anonymous_20)
FNF:3
FNH:3
FNDA:1,(anonymous_18)
FNDA:5,CreateAppointmentService
FNDA:7,(anonymous_20)
DA:5,1
DA:7,1
DA:10,1
DA:15,1
DA:19,5
DA:22,1
DA:23,7
DA:24,7
DA:25,7
DA:27,7
DA:28,1
DA:31,6
DA:33,6
DA:34,1
DA:39,5
DA:40,2
DA:45,3
DA:49,3
DA:50,1
DA:53,2
DA:59,2
DA:61,1
DA:63,1
LF:23
LH:23
BRDA:27,0,0,1
BRDA:27,0,1,6
BRDA:33,1,0,1
BRDA:33,1,1,5
BRDA:39,2,0,2
BRDA:39,2,1,3
BRDA:39,3,0,5
BRDA:39,3,1,4
BRDA:49,4,0,1
BRDA:49,4,1,2
BRF:10
BRH:10
end_of_record
TN:
SF:src/modules/appointments/services/ListProviderAppointmentsService.ts
FN:18,(anonymous_17)
FN:20,ListProviderAppointmentsService
FN:25,(anonymous_19)
FNF:3
FNH:3
FNDA:1,(anonymous_17)
FNDA:1,ListProviderAppointmentsService
FNDA:1,(anonymous_19)
DA:5,1
DA:18,1
DA:22,1
DA:25,1
DA:26,1
DA:27,1
DA:28,1
DA:29,1
DA:31,1
DA:35,1
DA:37,1
LF:11
LH:11
BRDA:31,0,0,1
BRF:1
BRH:1
end_of_record
TN:
SF:src/modules/appointments/services/ListProviderDayAvailabilityService.ts
FN:24,(anonymous_17)
FN:26,ListProviderDayAvailabilityService
FN:31,(anonymous_19)
FN:51,(anonymous_22)
FN:56,(anonymous_23)
FN:58,(anonymous_24)
FNF:6
FNH:6
FNDA:1,(anonymous_17)
FNDA:1,ListProviderDayAvailabilityService
FNDA:1,(anonymous_19)
FNDA:10,(anonymous_22)
FNDA:10,(anonymous_23)
FNDA:27,(anonymous_24)
DA:5,1
DA:7,1
DA:24,1
DA:28,1
DA:31,1
DA:32,1
DA:33,1
DA:34,1
DA:35,1
DA:37,1
DA:46,1
DA:49,1
DA:51,10
DA:54,1
DA:56,1
DA:57,10
DA:58,27
DA:61,10
DA:64,10
DA:70,1
DA:72,1
LF:21
LH:21
BRDA:37,0,0,1
BRDA:66,1,0,10
BRDA:66,1,1,7
BRF:3
BRH:3
end_of_record
TN:
SF:src/modules/appointments/services/ListProviderMonthAvailabilityService.ts
FN:23,(anonymous_17)
FN:25,ListProviderMonthAvailabilityService
FN:30,(anonymous_19)
FN:44,(anonymous_22)
FN:48,(anonymous_23)
FN:49,(anonymous_24)
FNF:6
FNH:6
FNDA:1,(anonymous_17)
FNDA:1,ListProviderMonthAvailabilityService
FNDA:1,(anonymous_19)
FNDA:31,(anonymous_22)
FNDA:31,(anonymous_23)
FNDA:403,(anonymous_24)
DA:5,1
DA:7,1
DA:23,1
DA:27,1
DA:30,1
DA:31,1
DA:32,1
DA:33,1
DA:35,1
DA:39,1
DA:42,1
DA:44,31
DA:48,1
DA:49,31
DA:50,403
DA:55,31
DA:61,1
DA:63,1
LF:18
LH:18
BRDA:35,0,0,1
BRF:1
BRH:1
end_of_record
TN:
SF:src/modules/appointments/services/ListProvidersService.ts
FN:16,(anonymous_17)
FN:18,ListProvidersService
FN:23,(anonymous_19)
FNF:3
FNH:3
FNDA:1,(anonymous_17)
FNDA:1,ListProvidersService
FNDA:1,(anonymous_19)
DA:8,1
DA:16,1
DA:20,1
DA:23,1
DA:24,1
DA:28,1
DA:30,1
LF:7
LH:7
BRDA:24,0,0,1
BRF:1
BRH:1
end_of_record
TN:
SF:src/modules/users/services/AuthenticateUserService.ts
FN:35,(anonymous_18)
FN:37,AuthenticateUserService
FN:44,(anonymous_20)
FNF:3
FNH:3
FNDA:1,(anonymous_18)
FNDA:4,AuthenticateUserService
FNDA:3,(anonymous_20)
DA:5,1
DA:9,1
DA:11,1
DA:12,1
DA:35,1
DA:38,4
DA:39,4
DA:44,3
DA:45,3
DA:47,3
DA:48,1
DA:51,2
DA:56,2
DA:57,1
DA:60,1
DA:65,1
DA:67,1
DA:69,1
DA:71,1
LF:19
LH:19
BRDA:45,0,0,3
BRDA:47,1,0,1
BRDA:47,1,1,2
BRDA:56,2,0,1
BRDA:56,2,1,1
BRF:5
BRH:5
end_of_record
TN:
SF:src/modules/users/services/CreateUserService.ts
FN:14,(anonymous_18)
FN:16,CreateUserService
FN:21,(anonymous_20)
FNF:3
FNH:3
FNDA:2,(anonymous_18)
FNDA:5,CreateUserService
FNDA:5,(anonymous_20)
DA:7,2
DA:8,2
DA:14,2
DA:17,5
DA:18,5
DA:21,2
DA:22,5
DA:23,5
DA:24,5
DA:26,5
DA:28,5
DA:29,1
DA:32,4
DA:34,4
DA:42,4
DA:44,2
DA:46,2
LF:17
LH:17
BRDA:26,0,0,5
BRDA:28,1,0,1
BRDA:28,1,1,4
BRF:3
BRH:3
end_of_record
TN:
SF:src/modules/users/services/ResetPasswordService.ts
FN:19,(anonymous_18)
FN:21,ResetPasswordService
FN:32,(anonymous_20)
FNF:3
FNH:3
FNDA:1,(anonymous_18)
FNDA:4,ResetPasswordService
FNDA:4,(anonymous_20)
DA:5,1
DA:6,1
DA:8,1
DA:19,1
DA:23,4
DA:26,4
DA:29,4
DA:32,4
DA:33,4
DA:34,4
DA:35,1
DA:38,3
DA:39,3
DA:40,1
DA:43,2
DA:44,2
DA:45,2
DA:46,1
DA:49,1
DA:51,2
DA:53,1
LF:21
LH:21
BRDA:33,0,0,4
BRDA:34,1,0,1
BRDA:34,1,1,3
BRDA:39,2,0,1
BRDA:39,2,1,2
BRDA:45,3,0,1
BRDA:45,3,1,1
BRF:7
BRH:7
end_of_record
TN:
SF:src/modules/users/services/SendForgotPasswordEmailService.ts
FN:20,(anonymous_18)
FN:22,SendForgotPasswordEmailService
FN:29,(anonymous_20)
FNF:3
FNH:3
FNDA:2,(anonymous_18)
FNDA:7,SendForgotPasswordEmailService
FNDA:3,(anonymous_20)
DA:5,2
DA:6,2
DA:8,2
DA:20,2
DA:23,7
DA:24,7
DA:26,7
DA:29,3
DA:30,3
DA:32,3
DA:33,1
DA:36,2
DA:38,2
DA:45,4
DA:60,2
LF:15
LH:15
BRDA:30,0,0,3
BRDA:32,1,0,1
BRDA:32,1,1,2
BRF:3
BRH:3
end_of_record
TN:
SF:src/modules/users/services/ShowProfileService.ts
FN:16,(anonymous_18)
FN:18,ShowProfileService
FN:23,(anonymous_20)
FNF:3
FNH:3
FNDA:1,(anonymous_18)
FNDA:2,ShowProfileService
FNDA:2,(anonymous_20)
DA:7,1
DA:8,1
DA:16,1
DA:20,2
DA:23,2
DA:24,2
DA:26,2
DA:27,1
DA:30,1
DA:32,1
LF:10
LH:10
BRDA:24,0,0,2
BRDA:26,1,0,1
BRDA:26,1,1,1
BRF:3
BRH:3
end_of_record
TN:
SF:src/modules/users/services/UpdateProfileService.ts
FN:21,(anonymous_18)
FN:23,UpdateprofileService
FN:31,(anonymous_20)
FNF:3
FNH:3
FNDA:1,(anonymous_18)
FNDA:6,UpdateprofileService
FNDA:6,(anonymous_20)
DA:5,1
DA:6,1
DA:21,1
DA:25,6
DA:28,6
DA:31,1
DA:32,6
DA:33,6
DA:34,6
DA:35,6
DA:36,6
DA:38,6
DA:40,6
DA:41,1
DA:44,5
DA:46,5
DA:47,1
DA:52,4
DA:53,4
DA:55,4
DA:56,1
DA:59,4
DA:60,2
DA:65,2
DA:66,1
DA:70,3
DA:71,1
DA:74,2
DA:76,1
LF:29
LH:29
BRDA:38,0,0,6
BRDA:38,0,1,2
BRDA:40,1,0,1
BRDA:40,1,1,5
BRDA:46,2,0,1
BRDA:46,2,1,4
BRDA:46,3,0,5
BRDA:46,3,1,3
BRDA:55,4,0,1
BRDA:55,4,1,3
BRDA:55,5,0,4
BRDA:55,5,1,3
BRDA:59,6,0,1
BRDA:59,6,1,2
BRDA:59,7,0,3
BRDA:59,7,1,2
BRDA:65,8,0,1
BRDA:65,8,1,1
BRDA:70,9,0,1
BRDA:70,9,1,1
BRF:20
BRH:20
end_of_record
TN:
SF:src/modules/users/services/UpdateUserAvatarService.ts
FN:23,(anonymous_18)
FN:25,UpdateUserAvatarService
FN:30,(anonymous_20)
FNF:3
FNH:3
FNDA:1,(anonymous_18)
FNDA:3,UpdateUserAvatarService
FNDA:4,(anonymous_20)
DA:12,1
DA:13,1
DA:23,1
DA:26,3
DA:27,3
DA:30,4
DA:31,4
DA:33,4
DA:34,1
DA:37,5
DA:38,2
DA:41,3
DA:43,3
DA:45,6
DA:47,3
DA:49,3
DA:51,1
LF:17
LH:17
BRDA:31,0,0,4
BRDA:31,0,1,3
BRDA:33,1,0,1
BRDA:33,1,1,3
BRDA:37,2,0,2
BRDA:37,2,1,1
BRF:6
BRH:6
end_of_record
