TN:
SF:src/modules/appointments/services/CreateAppointmentService.ts
FN:15,(anonymous_18)
FN:17,CreateAppointmentService
FN:22,(anonymous_20)
FNF:3
FNH:3
FNDA:1,(anonymous_18)
FNDA:2,CreateAppointmentService
FNDA:3,(anonymous_20)
DA:5,1
DA:7,1
DA:10,1
DA:15,1
DA:19,2
DA:22,1
DA:23,3
DA:24,3
DA:26,3
DA:28,3
DA:32,3
DA:33,1
DA:36,2
DA:41,2
DA:43,1
DA:45,1
LF:16
LH:16
BRDA:32,0,0,1
BRDA:32,0,1,2
BRF:2
BRH:2
end_of_record
TN:
SF:src/modules/users/services/AuthenticateUserService.ts
FN:35,(anonymous_18)
FN:37,AuthenticateUserService
FN:44,(anonymous_20)
FNF:3
FNH:3
FNDA:1,(anonymous_18)
FNDA:3,AuthenticateUserService
FNDA:3,(anonymous_20)
DA:5,1
DA:9,1
DA:11,1
DA:12,1
DA:35,1
DA:38,3
DA:39,3
DA:44,3
DA:45,3
DA:47,3
DA:48,1
DA:51,2
DA:56,2
DA:57,1
DA:60,1
DA:65,1
DA:67,1
DA:69,1
DA:71,1
LF:19
LH:19
BRDA:45,0,0,3
BRDA:47,1,0,1
BRDA:47,1,1,2
BRDA:56,2,0,1
BRDA:56,2,1,1
BRF:5
BRH:5
end_of_record
TN:
SF:src/modules/users/services/CreateUserService.ts
FN:14,(anonymous_18)
FN:16,CreateUserService
FN:21,(anonymous_20)
FNF:3
FNH:3
FNDA:2,(anonymous_18)
FNDA:4,CreateUserService
FNDA:5,(anonymous_20)
DA:7,2
DA:8,2
DA:14,2
DA:17,4
DA:18,4
DA:21,2
DA:22,5
DA:23,5
DA:24,5
DA:26,5
DA:28,5
DA:29,1
DA:32,4
DA:34,4
DA:42,4
DA:44,2
DA:46,2
LF:17
LH:17
BRDA:26,0,0,5
BRDA:28,1,0,1
BRDA:28,1,1,4
BRF:3
BRH:3
end_of_record
TN:
SF:src/modules/users/services/UpdateUserAvatarService.ts
FN:23,(anonymous_18)
FN:25,UpdateUserAvatarService
FN:30,(anonymous_20)
FNF:3
FNH:3
FNDA:1,(anonymous_18)
FNDA:3,UpdateUserAvatarService
FNDA:4,(anonymous_20)
DA:12,1
DA:13,1
DA:23,1
DA:26,3
DA:27,3
DA:30,4
DA:31,4
DA:33,4
DA:34,1
DA:37,5
DA:38,2
DA:41,3
DA:43,3
DA:45,6
DA:47,3
DA:49,3
DA:51,1
LF:17
LH:17
BRDA:31,0,0,4
BRDA:31,0,1,3
BRDA:33,1,0,1
BRDA:33,1,1,3
BRDA:37,2,0,2
BRDA:37,2,1,1
BRF:6
BRH:6
end_of_record
